Started GET "/" for 127.0.0.1 at 2017-02-15 19:08:36 -0500
Processing by Rails::WelcomeController#index as HTML
  Parameters: {"internal"=>true}
  Rendering /Users/Nikki/.rvm/gems/ruby-2.3.1/gems/railties-5.0.1/lib/rails/templates/rails/welcome/index.html.erb
  Rendered /Users/Nikki/.rvm/gems/ruby-2.3.1/gems/railties-5.0.1/lib/rails/templates/rails/welcome/index.html.erb (7.8ms)
Completed 200 OK in 41ms (Views: 22.6ms | ActiveRecord: 0.0ms)


Started GET "/" for 127.0.0.1 at 2017-02-15 19:36:42 -0500
Processing by NasaPictureController#index as HTML
  Rendering nasa_picture/index.html.erb within layouts/application
  Rendered nasa_picture/index.html.erb within layouts/application (0.5ms)
Completed 200 OK in 488ms (Views: 486.2ms | ActiveRecord: 0.0ms)


Started GET "/" for 127.0.0.1 at 2017-02-15 19:41:03 -0500
Processing by NasaPictureController#index as HTML
  Rendering nasa_picture/index.html.erb within layouts/application
  Rendered nasa_picture/index.html.erb within layouts/application (1.1ms)
Completed 200 OK in 778ms (Views: 95.7ms | ActiveRecord: 0.0ms)


Started GET "/" for 127.0.0.1 at 2017-02-15 19:41:04 -0500
Processing by NasaPictureController#index as HTML
  Rendering nasa_picture/index.html.erb within layouts/application
  Rendered nasa_picture/index.html.erb within layouts/application (0.5ms)
Completed 200 OK in 84ms (Views: 26.5ms | ActiveRecord: 0.0ms)


Started GET "/" for 127.0.0.1 at 2017-02-15 19:41:06 -0500
Processing by NasaPictureController#index as HTML
  Rendering nasa_picture/index.html.erb within layouts/application
  Rendered nasa_picture/index.html.erb within layouts/application (0.9ms)
Completed 200 OK in 84ms (Views: 28.2ms | ActiveRecord: 0.0ms)


Started GET "/" for 127.0.0.1 at 2017-02-15 19:41:11 -0500
Processing by NasaPictureController#index as HTML
  Rendering nasa_picture/index.html.erb within layouts/application
  Rendered nasa_picture/index.html.erb within layouts/application (0.8ms)
Completed 200 OK in 69ms (Views: 24.0ms | ActiveRecord: 0.0ms)


Started GET "/" for 127.0.0.1 at 2017-02-15 19:43:04 -0500
Processing by NasaPictureController#index as HTML
  Rendering nasa_picture/index.html.erb within layouts/application
  Rendered nasa_picture/index.html.erb within layouts/application (0.5ms)
Completed 200 OK in 184ms (Views: 29.6ms | ActiveRecord: 0.0ms)


Started GET "/" for 127.0.0.1 at 2017-02-15 19:45:29 -0500
Processing by NasaPictureController#index as HTML
  Rendering nasa_picture/index.html.erb within layouts/application
  Rendered nasa_picture/index.html.erb within layouts/application (0.5ms)
Completed 200 OK in 80ms (Views: 23.5ms | ActiveRecord: 0.0ms)


Started GET "/" for 127.0.0.1 at 2017-02-15 19:46:37 -0500
Processing by NasaPictureController#index as HTML
  Rendering nasa_picture/index.html.erb within layouts/application
  Rendered nasa_picture/index.html.erb within layouts/application (3.4ms)
Completed 200 OK in 1222ms (Views: 385.4ms | ActiveRecord: 0.0ms)


Started GET "/" for 127.0.0.1 at 2017-02-15 19:48:53 -0500
Processing by NasaPictureController#index as HTML
  Rendering nasa_picture/index.html.erb within layouts/application
  Rendered nasa_picture/index.html.erb within layouts/application (0.7ms)
Completed 200 OK in 591ms (Views: 24.1ms | ActiveRecord: 0.0ms)


Started GET "/" for 127.0.0.1 at 2017-02-15 19:49:54 -0500
Processing by NasaPictureController#index as HTML
  Rendering nasa_picture/index.html.erb within layouts/application
  Rendered nasa_picture/index.html.erb within layouts/application (0.5ms)
Completed 200 OK in 434ms (Views: 64.8ms | ActiveRecord: 0.0ms)


Started GET "/" for 127.0.0.1 at 2017-02-15 19:58:39 -0500
Processing by NasaPictureController#index as HTML
  Rendering nasa_picture/index.html.erb within layouts/application
  Rendered nasa_picture/index.html.erb within layouts/application (4.1ms)
Completed 500 Internal Server Error in 2234ms (ActiveRecord: 0.0ms)


  
ActionView::Template::Error (File to import not found or unreadable: home.
Load paths:
  /Users/Nikki/wdi/practice/nasa/app/assets/config
  /Users/Nikki/wdi/practice/nasa/app/assets/images
  /Users/Nikki/wdi/practice/nasa/app/assets/javascripts
  /Users/Nikki/wdi/practice/nasa/app/assets/stylesheets
  /Users/Nikki/wdi/practice/nasa/vendor/assets/javascripts
  /Users/Nikki/wdi/practice/nasa/vendor/assets/stylesheets
  /Users/Nikki/.rvm/gems/ruby-2.3.1/gems/bourbon-4.3.2/app/assets/stylesheets
  /Users/Nikki/.rvm/gems/ruby-2.3.1/gems/jquery-rails-4.2.2/vendor/assets/javascripts
  /Users/Nikki/.rvm/gems/ruby-2.3.1/gems/actioncable-5.0.1/lib/assets/compiled
  /Users/Nikki/.rvm/gems/ruby-2.3.1/gems/turbolinks-source-5.0.0/lib/assets/javascripts):
    4:     <title>Nasa</title>
    5:     <%= csrf_meta_tags %>
    6: 
    7:     <%= stylesheet_link_tag    'application', media: 'all', 'data-turbolinks-track': 'reload' %>
    8:     <%= javascript_include_tag 'application', 'data-turbolinks-track': 'reload' %>
    9:   </head>
   10: 
  
app/assets/stylesheets/application.scss:18
app/views/layouts/application.html.erb:7:in `_app_views_layouts_application_html_erb__3225882523752711652_70222133391880'
  Rendering /Users/Nikki/.rvm/gems/ruby-2.3.1/gems/actionpack-5.0.1/lib/action_dispatch/middleware/templates/rescues/template_error.html.erb within rescues/layout
  Rendering /Users/Nikki/.rvm/gems/ruby-2.3.1/gems/actionpack-5.0.1/lib/action_dispatch/middleware/templates/rescues/_source.html.erb
  Rendered /Users/Nikki/.rvm/gems/ruby-2.3.1/gems/actionpack-5.0.1/lib/action_dispatch/middleware/templates/rescues/_source.html.erb (8.0ms)
  Rendering /Users/Nikki/.rvm/gems/ruby-2.3.1/gems/actionpack-5.0.1/lib/action_dispatch/middleware/templates/rescues/_trace.html.erb
  Rendered /Users/Nikki/.rvm/gems/ruby-2.3.1/gems/actionpack-5.0.1/lib/action_dispatch/middleware/templates/rescues/_trace.html.erb (4.0ms)
  Rendering /Users/Nikki/.rvm/gems/ruby-2.3.1/gems/actionpack-5.0.1/lib/action_dispatch/middleware/templates/rescues/_request_and_response.html.erb
  Rendered /Users/Nikki/.rvm/gems/ruby-2.3.1/gems/actionpack-5.0.1/lib/action_dispatch/middleware/templates/rescues/_request_and_response.html.erb (0.9ms)
  Rendered /Users/Nikki/.rvm/gems/ruby-2.3.1/gems/actionpack-5.0.1/lib/action_dispatch/middleware/templates/rescues/template_error.html.erb within rescues/layout (79.0ms)
Started GET "/" for 127.0.0.1 at 2017-02-15 19:59:52 -0500
Processing by NasaPictureController#index as HTML
  Rendering nasa_picture/index.html.erb within layouts/application
  Rendered nasa_picture/index.html.erb within layouts/application (0.9ms)
Completed 200 OK in 1276ms (Views: 371.3ms | ActiveRecord: 0.0ms)


Started GET "/" for 127.0.0.1 at 2017-02-15 20:03:05 -0500
Processing by NasaPictureController#index as HTML
Started GET "/" for 127.0.0.1 at 2017-02-15 20:03:15 -0500
  Rendering nasa_picture/index.html.erb within layouts/application
  Rendered nasa_picture/index.html.erb within layouts/application (0.8ms)
Completed 200 OK in 400ms (Views: 31.1ms | ActiveRecord: 0.0ms)


Processing by NasaPictureController#index as HTML
  Rendering nasa_picture/index.html.erb within layouts/application
  Rendered nasa_picture/index.html.erb within layouts/application (0.1ms)
Completed 200 OK in 199ms (Views: 19.8ms | ActiveRecord: 0.0ms)


Started GET "/" for 127.0.0.1 at 2017-02-15 20:04:31 -0500
Processing by NasaPictureController#index as HTML
  Rendering nasa_picture/index.html.erb within layouts/application
  Rendered nasa_picture/index.html.erb within layouts/application (0.6ms)
Completed 200 OK in 2240ms (Views: 1551.8ms | ActiveRecord: 0.0ms)


